#
# There is insufficient memory for the Java Runtime Environment to continue.
# Native memory allocation (malloc) failed to allocate 1097216 bytes for Chunk::new
# Possible reasons:
#   The system is out of physical RAM or swap space
#   The process is running with CompressedOops enabled, and the Java Heap may be blocking the growth of the native heap
# Possible solutions:
#   Reduce memory load on the system
#   Increase physical memory or swap space
#   Check if swap backing store is full
#   Decrease Java heap size (-Xmx/-Xms)
#   Decrease number of Java threads
#   Decrease Java thread stack sizes (-Xss)
#   Set larger code cache with -XX:ReservedCodeCacheSize=
#   JVM is running with Unscaled Compressed Oops mode in which the Java heap is
#     placed in the first 4GB address space. The Java Heap base address is the
#     maximum limit for the native heap growth. Please use -XX:HeapBaseMinAddress
#     to set the Java Heap base and to place the Java Heap above 4GB virtual address.
# This output file may be truncated or incomplete.
#
#  Out of Memory Error (allocation.cpp:389), pid=172, tid=0x0000000000002cc4
#
# JRE version: Java(TM) SE Runtime Environment (8.0_231-b11) (build 1.8.0_231-b11)
# Java VM: Java HotSpot(TM) 64-Bit Server VM (25.231-b11 mixed mode windows-amd64 compressed oops)
# Failed to write core dump. Minidumps are not enabled by default on client versions of Windows
#

---------------  T H R E A D  ---------------

Current thread (0x00000000157f1000):  JavaThread "C2 CompilerThread1" daemon [_thread_in_native, id=11460, stack(0x0000000016f40000,0x0000000017040000)]

Stack: [0x0000000016f40000,0x0000000017040000]
[error occurred during error reporting (printing stack bounds), id 0xc0000005]

Native frames: (J=compiled Java code, j=interpreted, Vv=VM code, C=native code)


Current CompileTask:
C2:   3378 2300   !   4       java.net.URLClassLoader$1::run (63 bytes)


---------------  P R O C E S S  ---------------

Java Threads: ( => current thread )
  0x000000001717a800 JavaThread "Service Thread" daemon [_thread_blocked, id=10096, stack(0x0000000017540000,0x0000000017640000)]
  0x00000000157fd000 JavaThread "C1 CompilerThread2" daemon [_thread_blocked, id=6480, stack(0x0000000017040000,0x0000000017140000)]
=>0x00000000157f1000 JavaThread "C2 CompilerThread1" daemon [_thread_in_native, id=11460, stack(0x0000000016f40000,0x0000000017040000)]
  0x00000000157ef000 JavaThread "C2 CompilerThread0" daemon [_thread_in_native, id=11260, stack(0x0000000016e40000,0x0000000016f40000)]
  0x00000000157eb800 JavaThread "Attach Listener" daemon [_thread_blocked, id=10152, stack(0x0000000016d40000,0x0000000016e40000)]
  0x00000000157e7000 JavaThread "Signal Dispatcher" daemon [_thread_blocked, id=9852, stack(0x0000000016c40000,0x0000000016d40000)]
  0x00000000031fd000 JavaThread "Finalizer" daemon [_thread_blocked, id=10516, stack(0x0000000016a40000,0x0000000016b40000)]
  0x00000000031f4000 JavaThread "Reference Handler" daemon [_thread_blocked, id=3576, stack(0x0000000016940000,0x0000000016a40000)]
  0x0000000003103800 JavaThread "main" [_thread_in_vm, id=12276, stack(0x0000000002f90000,0x0000000003090000)]

Other Threads:
  0x00000000157a7800 VMThread [stack: 0x0000000016840000,0x0000000016940000] [id=6440]
  0x0000000017193000 WatcherThread [stack: 0x0000000017640000,0x0000000017740000] [id=9836]

VM state:not at safepoint (normal execution)

VM Mutex/Monitor currently owned by a thread: None

heap address: 0x00000000c1a00000, size: 998 MB, Compressed Oops mode: 32-bit
Narrow klass base: 0x0000000000000000, Narrow klass shift: 3
Compressed class space size: 1073741824 Address: 0x0000000100000000

Heap:
 PSYoungGen      total 35328K, used 3107K [0x00000000eb380000, 0x00000000ed880000, 0x0000000100000000)
  eden space 32768K, 1% used [0x00000000eb380000,0x00000000eb40a948,0x00000000ed380000)
  from space 2560K, 99% used [0x00000000ed380000,0x00000000ed5fe620,0x00000000ed600000)
  to   space 2560K, 0% used [0x00000000ed600000,0x00000000ed600000,0x00000000ed880000)
 ParOldGen       total 36352K, used 11021K [0x00000000c1a00000, 0x00000000c3d80000, 0x00000000eb380000)
  object space 36352K, 30% used [0x00000000c1a00000,0x00000000c24c35e8,0x00000000c3d80000)
 Metaspace       used 25327K, capacity 26718K, committed 27008K, reserved 1073152K
  class space    used 3172K, capacity 3455K, committed 3456K, reserved 1048576K

Card table byte_map: [0x00000000125c0000,0x00000000127c0000] byte_map_base: 0x0000000011fb3000

Marking Bits: (ParMarkBitMap*) 0x0000000052e36d90
 Begin Bits: [0x0000000012d10000, 0x0000000013ca8000)
 End Bits:   [0x0000000013ca8000, 0x0000000014c40000)

Polling page: 0x00000000014e0000

CodeCache: size=245760Kb used=7822Kb max_used=7822Kb free=237938Kb
 bounds [0x0000000003200000, 0x00000000039b0000, 0x0000000012200000]
 total_blobs=2757 nmethods=2369 adapters=299
 compilation: enabled

Compilation events (10 events):
Event: 3.316 Thread 0x00000000157fd000 2356       3       java.net.URI$Parser::substring (10 bytes)
Event: 3.316 Thread 0x00000000157fd000 nmethod 2356 0x000000000398d090 code [0x000000000398d200, 0x000000000398d408]
Event: 3.317 Thread 0x00000000157fd000 2357       3       java.net.URI$Parser::checkChars (44 bytes)
Event: 3.318 Thread 0x00000000157fd000 nmethod 2357 0x000000000398d4d0 code [0x000000000398d6c0, 0x000000000398dfe8]
Event: 3.318 Thread 0x00000000157fd000 2358       3       java.net.URI::decode (370 bytes)
Event: 3.324 Thread 0x00000000157fd000 nmethod 2358 0x000000000398e550 code [0x000000000398ea40, 0x00000000039926b8]
Event: 3.324 Thread 0x00000000157fd000 2359       3       sun.nio.cs.ThreadLocalCoders::decoderFor (18 bytes)
Event: 3.324 Thread 0x00000000157fd000 nmethod 2359 0x0000000003994b90 code [0x0000000003994d20, 0x00000000039951c8]
Event: 3.324 Thread 0x00000000157fd000 2360       3       java.nio.CharBuffer::toString (13 bytes)
Event: 3.324 Thread 0x00000000157fd000 nmethod 2360 0x0000000003995350 code [0x00000000039954c0, 0x0000000003995808]

GC Heap History (10 events):
Event: 1.191 GC heap before
{Heap before GC invocations=3 (full 0):
 PSYoungGen      total 18944K, used 18941K [0x00000000eb380000, 0x00000000ed880000, 0x0000000100000000)
  eden space 16384K, 100% used [0x00000000eb380000,0x00000000ec380000,0x00000000ec380000)
  from space 2560K, 99% used [0x00000000ec600000,0x00000000ec87f638,0x00000000ec880000)
  to   space 2560K, 0% used [0x00000000ec380000,0x00000000ec380000,0x00000000ec600000)
 ParOldGen       total 44032K, used 2814K [0x00000000c1a00000, 0x00000000c4500000, 0x00000000eb380000)
  object space 44032K, 6% used [0x00000000c1a00000,0x00000000c1cbfa70,0x00000000c4500000)
 Metaspace       used 13902K, capacity 14360K, committed 14720K, reserved 1062912K
  class space    used 1659K, capacity 1800K, committed 1920K, reserved 1048576K
Event: 1.196 GC heap after
Heap after GC invocations=3 (full 0):
 PSYoungGen      total 18944K, used 2535K [0x00000000eb380000, 0x00000000ed880000, 0x0000000100000000)
  eden space 16384K, 0% used [0x00000000eb380000,0x00000000eb380000,0x00000000ec380000)
  from space 2560K, 99% used [0x00000000ec380000,0x00000000ec5f9c60,0x00000000ec600000)
  to   space 2560K, 0% used [0x00000000ed600000,0x00000000ed600000,0x00000000ed880000)
 ParOldGen       total 44032K, used 5272K [0x00000000c1a00000, 0x00000000c4500000, 0x00000000eb380000)
  object space 44032K, 11% used [0x00000000c1a00000,0x00000000c1f262a0,0x00000000c4500000)
 Metaspace       used 13902K, capacity 14360K, committed 14720K, reserved 1062912K
  class space    used 1659K, capacity 1800K, committed 1920K, reserved 1048576K
}
Event: 1.436 GC heap before
{Heap before GC invocations=4 (full 0):
 PSYoungGen      total 18944K, used 18919K [0x00000000eb380000, 0x00000000ed880000, 0x0000000100000000)
  eden space 16384K, 100% used [0x00000000eb380000,0x00000000ec380000,0x00000000ec380000)
  from space 2560K, 99% used [0x00000000ec380000,0x00000000ec5f9c60,0x00000000ec600000)
  to   space 2560K, 0% used [0x00000000ed600000,0x00000000ed600000,0x00000000ed880000)
 ParOldGen       total 44032K, used 5272K [0x00000000c1a00000, 0x00000000c4500000, 0x00000000eb380000)
  object space 44032K, 11% used [0x00000000c1a00000,0x00000000c1f262a0,0x00000000c4500000)
 Metaspace       used 16403K, capacity 16922K, committed 17152K, reserved 1064960K
  class space    used 2036K, capacity 2181K, committed 2304K, reserved 1048576K
Event: 1.443 GC heap after
Heap after GC invocations=4 (full 0):
 PSYoungGen      total 35328K, used 2535K [0x00000000eb380000, 0x00000000ed880000, 0x0000000100000000)
  eden space 32768K, 0% used [0x00000000eb380000,0x00000000eb380000,0x00000000ed380000)
  from space 2560K, 99% used [0x00000000ed600000,0x00000000ed879c40,0x00000000ed880000)
  to   space 2560K, 0% used [0x00000000ed380000,0x00000000ed380000,0x00000000ed600000)
 ParOldGen       total 44032K, used 7770K [0x00000000c1a00000, 0x00000000c4500000, 0x00000000eb380000)
  object space 44032K, 17% used [0x00000000c1a00000,0x00000000c2196808,0x00000000c4500000)
 Metaspace       used 16403K, capacity 16922K, committed 17152K, reserved 1064960K
  class space    used 2036K, capacity 2181K, committed 2304K, reserved 1048576K
}
Event: 2.134 GC heap before
{Heap before GC invocations=5 (full 0):
 PSYoungGen      total 35328K, used 35303K [0x00000000eb380000, 0x00000000ed880000, 0x0000000100000000)
  eden space 32768K, 100% used [0x00000000eb380000,0x00000000ed380000,0x00000000ed380000)
  from space 2560K, 99% used [0x00000000ed600000,0x00000000ed879c40,0x00000000ed880000)
  to   space 2560K, 0% used [0x00000000ed380000,0x00000000ed380000,0x00000000ed600000)
 ParOldGen       total 44032K, used 7770K [0x00000000c1a00000, 0x00000000c4500000, 0x00000000eb380000)
  object space 44032K, 17% used [0x00000000c1a00000,0x00000000c2196808,0x00000000c4500000)
 Metaspace       used 19906K, capacity 20694K, committed 20864K, reserved 1067008K
  class space    used 2476K, capacity 2659K, committed 2688K, reserved 1048576K
Event: 2.143 GC heap after
Heap after GC invocations=5 (full 0):
 PSYoungGen      total 35328K, used 2551K [0x00000000eb380000, 0x00000000ed880000, 0x0000000100000000)
  eden space 32768K, 0% used [0x00000000eb380000,0x00000000eb380000,0x00000000ed380000)
  from space 2560K, 99% used [0x00000000ed380000,0x00000000ed5fdc50,0x00000000ed600000)
  to   space 2560K, 0% used [0x00000000ed600000,0x00000000ed600000,0x00000000ed880000)
 ParOldGen       total 44032K, used 12134K [0x00000000c1a00000, 0x00000000c4500000, 0x00000000eb380000)
  object space 44032K, 27% used [0x00000000c1a00000,0x00000000c25d99d0,0x00000000c4500000)
 Metaspace       used 19906K, capacity 20694K, committed 20864K, reserved 1067008K
  class space    used 2476K, capacity 2659K, committed 2688K, reserved 1048576K
}
Event: 2.230 GC heap before
{Heap before GC invocations=6 (full 0):
 PSYoungGen      total 35328K, used 7368K [0x00000000eb380000, 0x00000000ed880000, 0x0000000100000000)
  eden space 32768K, 14% used [0x00000000eb380000,0x00000000eb8346d8,0x00000000ed380000)
  from space 2560K, 99% used [0x00000000ed380000,0x00000000ed5fdc50,0x00000000ed600000)
  to   space 2560K, 0% used [0x00000000ed600000,0x00000000ed600000,0x00000000ed880000)
 ParOldGen       total 44032K, used 12134K [0x00000000c1a00000, 0x00000000c4500000, 0x00000000eb380000)
  object space 44032K, 27% used [0x00000000c1a00000,0x00000000c25d99d0,0x00000000c4500000)
 Metaspace       used 20355K, capacity 21114K, committed 21248K, reserved 1067008K
  class space    used 2540K, capacity 2727K, committed 2816K, reserved 1048576K
Event: 2.235 GC heap after
Heap after GC invocations=6 (full 0):
 PSYoungGen      total 35328K, used 2544K [0x00000000eb380000, 0x00000000ed880000, 0x0000000100000000)
  eden space 32768K, 0% used [0x00000000eb380000,0x00000000eb380000,0x00000000ed380000)
  from space 2560K, 99% used [0x00000000ed600000,0x00000000ed87c010,0x00000000ed880000)
  to   space 2560K, 0% used [0x00000000ed380000,0x00000000ed380000,0x00000000ed600000)
 ParOldGen       total 44032K, used 12857K [0x00000000c1a00000, 0x00000000c4500000, 0x00000000eb380000)
  object space 44032K, 29% used [0x00000000c1a00000,0x00000000c268e428,0x00000000c4500000)
 Metaspace       used 20355K, capacity 21114K, committed 21248K, reserved 1067008K
  class space    used 2540K, capacity 2727K, committed 2816K, reserved 1048576K
}
Event: 2.235 GC heap before
{Heap before GC invocations=7 (full 1):
 PSYoungGen      total 35328K, used 2544K [0x00000000eb380000, 0x00000000ed880000, 0x0000000100000000)
  eden space 32768K, 0% used [0x00000000eb380000,0x00000000eb380000,0x00000000ed380000)
  from space 2560K, 99% used [0x00000000ed600000,0x00000000ed87c010,0x00000000ed880000)
  to   space 2560K, 0% used [0x00000000ed380000,0x00000000ed380000,0x00000000ed600000)
 ParOldGen       total 44032K, used 12857K [0x00000000c1a00000, 0x00000000c4500000, 0x00000000eb380000)
  object space 44032K, 29% used [0x00000000c1a00000,0x00000000c268e428,0x00000000c4500000)
 Metaspace       used 20355K, capacity 21114K, committed 21248K, reserved 1067008K
  class space    used 2540K, capacity 2727K, committed 2816K, reserved 1048576K
Event: 2.274 GC heap after
Heap after GC invocations=7 (full 1):
 PSYoungGen      total 35328K, used 0K [0x00000000eb380000, 0x00000000ed880000, 0x0000000100000000)
  eden space 32768K, 0% used [0x00000000eb380000,0x00000000eb380000,0x00000000ed380000)
  from space 2560K, 0% used [0x00000000ed600000,0x00000000ed600000,0x00000000ed880000)
  to   space 2560K, 0% used [0x00000000ed380000,0x00000000ed380000,0x00000000ed600000)
 ParOldGen       total 36352K, used 8047K [0x00000000c1a00000, 0x00000000c3d80000, 0x00000000eb380000)
  object space 36352K, 22% used [0x00000000c1a00000,0x00000000c21dbee8,0x00000000c3d80000)
 Metaspace       used 20355K, capacity 21114K, committed 21248K, reserved 1067008K
  class space    used 2540K, capacity 2727K, committed 2816K, reserved 1048576K
}

Deoptimization events (10 events):
Event: 2.434 Thread 0x0000000003103800 Uncommon trap: reason=unstable_if action=reinterpret pc=0x0000000003678a88 method=java.util.Properties$LineReader.readLine()I @ 252
Event: 2.434 Thread 0x0000000003103800 Uncommon trap: reason=unstable_if action=reinterpret pc=0x00000000036604fc method=java.util.Properties$LineReader.readLine()I @ 252
Event: 2.441 Thread 0x0000000003103800 Uncommon trap: reason=unstable_if action=reinterpret pc=0x00000000037c1a10 method=java.io.WinNTFileSystem.normalize(Ljava/lang/String;II)Ljava/lang/String; @ 8
Event: 2.685 Thread 0x0000000003103800 Uncommon trap: reason=unstable_if action=reinterpret pc=0x00000000038ecdc4 method=java.util.LinkedHashMap.get(Ljava/lang/Object;)Ljava/lang/Object; @ 20
Event: 2.693 Thread 0x0000000003103800 Uncommon trap: reason=unstable_if action=reinterpret pc=0x000000000366b120 method=java.util.Properties.loadConvert([CII[C)Ljava/lang/String; @ 57
Event: 3.232 Thread 0x0000000003103800 Uncommon trap: reason=class_check action=maybe_recompile pc=0x000000000382173c method=java.util.zip.InflaterInputStream.read([BII)I @ 100
Event: 3.232 Thread 0x0000000003103800 Uncommon trap: reason=class_check action=maybe_recompile pc=0x000000000382173c method=java.util.zip.InflaterInputStream.read([BII)I @ 100
Event: 3.234 Thread 0x0000000003103800 Uncommon trap: reason=class_check action=maybe_recompile pc=0x000000000382173c method=java.util.zip.InflaterInputStream.read([BII)I @ 100
Event: 3.234 Thread 0x0000000003103800 Uncommon trap: reason=class_check action=maybe_recompile pc=0x000000000382173c method=java.util.zip.InflaterInputStream.read([BII)I @ 100
Event: 3.267 Thread 0x0000000003103800 Uncommon trap: reason=unstable_if action=reinterpret pc=0x00000000034a4484 method=sun.nio.cs.UTF_8$Decoder.decode([BII[C)I @ 30

Classes redefined (0 events):
No events

Internal exceptions (10 events):
Event: 1.507 Thread 0x0000000003103800 Exception <a 'java/lang/ClassNotFoundException': org/springframework/beans/factory/AwareCustomizer> (0x00000000eb71a118) thrown at [C:\re\workspace\8-2-build-windows-amd64-cygwin\jdk8u231\13620\hotspot\src\share\vm\classfile\systemDictionary.cpp, line 210
Event: 1.507 Thread 0x0000000003103800 Exception <a 'java/lang/ClassNotFoundException': org/springframework/context/EnvironmentAwareCustomizer> (0x00000000eb724d60) thrown at [C:\re\workspace\8-2-build-windows-amd64-cygwin\jdk8u231\13620\hotspot\src\share\vm\classfile\systemDictionary.cpp, lin
Event: 1.508 Thread 0x0000000003103800 Exception <a 'java/lang/ClassNotFoundException': org/springframework/beans/factory/AwareCustomizer> (0x00000000eb730118) thrown at [C:\re\workspace\8-2-build-windows-amd64-cygwin\jdk8u231\13620\hotspot\src\share\vm\classfile\systemDictionary.cpp, line 210
Event: 1.577 Thread 0x0000000003103800 Exception <a 'java/lang/NoSuchMethodError': java.lang.Object.lambda$or$2(Ljava/util/function/Predicate;Ljava/lang/Object;)Z> (0x00000000eba2a910) thrown at [C:\re\workspace\8-2-build-windows-amd64-cygwin\jdk8u231\13620\hotspot\src\share\vm\interpreter\lin
Event: 1.653 Thread 0x0000000003103800 Exception <a 'java/lang/IncompatibleClassChangeError': Found class java.lang.Object, but interface was expected> (0x00000000ec0065e8) thrown at [C:\re\workspace\8-2-build-windows-amd64-cygwin\jdk8u231\13620\hotspot\src\share\vm\interpreter\linkResolver.cp
Event: 1.704 Thread 0x0000000003103800 Exception <a 'java/lang/NoSuchMethodError': java.lang.Object.lambda$getAllAnnotationAttributes$0(Lorg/springframework/util/MultiValueMap;)Lorg/springframework/util/MultiValueMap;> (0x00000000ec1d9220) thrown at [C:\re\workspace\8-2-build-windows-amd64-cyg
Event: 1.705 Thread 0x0000000003103800 Exception <a 'java/lang/NoSuchMethodError': java.lang.Object.lambda$identity$2(Ljava/lang/Object;)Ljava/lang/Object;> (0x00000000ec1e8d40) thrown at [C:\re\workspace\8-2-build-windows-amd64-cygwin\jdk8u231\13620\hotspot\src\share\vm\interpreter\linkResolv
Event: 2.573 Thread 0x0000000003103800 Exception <a 'java/lang/IncompatibleClassChangeError': Found class java.lang.Object, but interface was expected> (0x00000000ebdb4898) thrown at [C:\re\workspace\8-2-build-windows-amd64-cygwin\jdk8u231\13620\hotspot\src\share\vm\interpreter\linkResolver.cp
Event: 2.583 Thread 0x0000000003103800 Exception <a 'java/lang/NoSuchMethodError': java.lang.Object.lambda$and$0(Ljava/util/function/Predicate;Ljava/lang/Object;)Z> (0x00000000ebdfb050) thrown at [C:\re\workspace\8-2-build-windows-amd64-cygwin\jdk8u231\13620\hotspot\src\share\vm\interpreter\li
Event: 3.315 Thread 0x0000000003103800 Exception <a 'java/io/FileNotFoundException'> (0x00000000ed0e7030) thrown at [C:\re\workspace\8-2-build-windows-amd64-cygwin\jdk8u231\13620\hotspot\src\share\vm\prims\jni.cpp, line 710]

Events (10 events):
Event: 3.313 loading class org/apache/catalina/authenticator/LocalStrings_ru_RU
Event: 3.313 loading class org/apache/catalina/authenticator/LocalStrings_ru_RU done
Event: 3.314 loading class org/apache/catalina/authenticator/AuthenticatorBase$AllowCorsPreflight
Event: 3.314 loading class org/apache/catalina/authenticator/AuthenticatorBase$AllowCorsPreflight done
Event: 3.322 loading class org/apache/tomcat/util/modeler/Util
Event: 3.322 loading class org/apache/tomcat/util/modeler/Util done
Event: 3.323 loading class org/apache/catalina/authenticator/SingleSignOn
Event: 3.323 loading class org/apache/catalina/authenticator/SingleSignOn done
Event: 3.324 loading class java/security/NoSuchProviderException
Event: 3.324 loading class java/security/NoSuchProviderException done


Dynamic libraries:
0x00007ff6be050000 - 0x00007ff6be087000 	C:\Program Files\Java\jdk1.8.0_231\bin\javaw.exe
0x00007ff8cad20000 - 0x00007ff8caf0d000 	C:\Windows\SYSTEM32\ntdll.dll
0x00007ff8ca190000 - 0x00007ff8ca243000 	C:\Windows\System32\KERNEL32.DLL
0x00007ff8c71e0000 - 0x00007ff8c7475000 	C:\Windows\System32\KERNELBASE.dll
0x00007ff8c7f40000 - 0x00007ff8c7fe3000 	C:\Windows\System32\ADVAPI32.dll
0x00007ff8c80e0000 - 0x00007ff8c817e000 	C:\Windows\System32\msvcrt.dll
0x00007ff8c9e60000 - 0x00007ff8c9efe000 	C:\Windows\System32\sechost.dll
0x00007ff8c9f60000 - 0x00007ff8ca082000 	C:\Windows\System32\RPCRT4.dll
0x00007ff8c81e0000 - 0x00007ff8c8377000 	C:\Windows\System32\USER32.dll
0x00007ff8c6fc0000 - 0x00007ff8c6fe0000 	C:\Windows\System32\win32u.dll
0x00007ff8ca160000 - 0x00007ff8ca189000 	C:\Windows\System32\GDI32.dll
0x00007ff8c7580000 - 0x00007ff8c7719000 	C:\Windows\System32\gdi32full.dll
0x00007ff8c7ea0000 - 0x00007ff8c7f40000 	C:\Windows\System32\msvcp_win.dll
0x00007ff8c7480000 - 0x00007ff8c757a000 	C:\Windows\System32\ucrtbase.dll
0x00007ff8b0ba0000 - 0x00007ff8b0e19000 	C:\Windows\WinSxS\amd64_microsoft.windows.common-controls_6595b64144ccf1df_6.0.17763.1217_none_de6e4304534e0ad3\COMCTL32.dll
0x00007ff8c8380000 - 0x00007ff8c86ac000 	C:\Windows\System32\combase.dll
0x00007ff8c7160000 - 0x00007ff8c71de000 	C:\Windows\System32\bcryptPrimitives.dll
0x00007ff8ca4d0000 - 0x00007ff8ca4fe000 	C:\Windows\System32\IMM32.DLL
0x0000000052ec0000 - 0x0000000052f92000 	C:\Program Files\Java\jdk1.8.0_231\jre\bin\msvcr100.dll
0x0000000052610000 - 0x0000000052eb6000 	C:\Program Files\Java\jdk1.8.0_231\jre\bin\server\jvm.dll
0x00007ff8cace0000 - 0x00007ff8cace8000 	C:\Windows\System32\PSAPI.DLL
0x00007ff8c2e00000 - 0x00007ff8c2e09000 	C:\Windows\SYSTEM32\WSOCK32.dll
0x00007ff8c4b90000 - 0x00007ff8c4bb4000 	C:\Windows\SYSTEM32\WINMM.dll
0x00007ff8c9d70000 - 0x00007ff8c9ddd000 	C:\Windows\System32\WS2_32.dll
0x00007ff8ba180000 - 0x00007ff8ba18a000 	C:\Windows\SYSTEM32\VERSION.dll
0x00007ff8c4b60000 - 0x00007ff8c4b8d000 	C:\Windows\SYSTEM32\WINMMBASE.dll
0x00007ff8c6fe0000 - 0x00007ff8c702a000 	C:\Windows\System32\cfgmgr32.dll
0x00007ff8bcba0000 - 0x00007ff8bcbaf000 	C:\Program Files\Java\jdk1.8.0_231\jre\bin\verify.dll
0x00007ff8bb2a0000 - 0x00007ff8bb2c9000 	C:\Program Files\Java\jdk1.8.0_231\jre\bin\java.dll
0x00007ff8b13f0000 - 0x00007ff8b1406000 	C:\Program Files\Java\jdk1.8.0_231\jre\bin\zip.dll
0x00007ff8c8810000 - 0x00007ff8c9d04000 	C:\Windows\System32\SHELL32.dll
0x00007ff8ca500000 - 0x00007ff8ca5a8000 	C:\Windows\System32\shcore.dll
0x00007ff8c7750000 - 0x00007ff8c7e9e000 	C:\Windows\System32\windows.storage.dll
0x00007ff8c6d50000 - 0x00007ff8c6d74000 	C:\Windows\System32\profapi.dll
0x00007ff8c6d80000 - 0x00007ff8c6ddd000 	C:\Windows\System32\powrprof.dll
0x00007ff8c8180000 - 0x00007ff8c81d2000 	C:\Windows\System32\shlwapi.dll
0x00007ff8c6d10000 - 0x00007ff8c6d21000 	C:\Windows\System32\kernel.appcore.dll
0x00007ff8c7030000 - 0x00007ff8c7047000 	C:\Windows\System32\cryptsp.dll
0x00007ff8bcb50000 - 0x00007ff8bcb5d000 	C:\Program Files\Java\jdk1.8.0_231\jre\bin\management.dll
0x00007ff8af7e0000 - 0x00007ff8af7fa000 	C:\Program Files\Java\jdk1.8.0_231\jre\bin\net.dll
0x00007ff8c6580000 - 0x00007ff8c65e7000 	C:\Windows\system32\mswsock.dll
0x00007ff8b1a00000 - 0x00007ff8b1a16000 	C:\Windows\system32\napinsp.dll
0x00007ff8b19e0000 - 0x00007ff8b19fa000 	C:\Windows\system32\pnrpnsp.dll
0x00007ff8c6320000 - 0x00007ff8c63e7000 	C:\Windows\SYSTEM32\DNSAPI.dll
0x00007ff8c8050000 - 0x00007ff8c8058000 	C:\Windows\System32\NSI.dll
0x00007ff8c62a0000 - 0x00007ff8c62dd000 	C:\Windows\SYSTEM32\IPHLPAPI.DLL
0x00007ff8b1610000 - 0x00007ff8b161e000 	C:\Windows\System32\winrnr.dll
0x00007ff8c2dd0000 - 0x00007ff8c2deb000 	C:\Windows\system32\NLAapi.dll
0x00007ff8bf340000 - 0x00007ff8bf355000 	C:\Windows\system32\wshbth.dll
0x00007ff8bc2c0000 - 0x00007ff8bc2ca000 	C:\Windows\System32\rasadhlp.dll
0x00007ff8bc380000 - 0x00007ff8bc3f9000 	C:\Windows\System32\fwpuclnt.dll
0x00007ff8c7720000 - 0x00007ff8c7746000 	C:\Windows\System32\bcrypt.dll
0x00007ff8ae820000 - 0x00007ff8ae832000 	C:\Program Files\Java\jdk1.8.0_231\jre\bin\nio.dll
0x00007ff8c6100000 - 0x00007ff8c6133000 	C:\Windows\system32\rsaenh.dll
0x00007ff8c6c40000 - 0x00007ff8c6c68000 	C:\Windows\SYSTEM32\USERENV.dll
0x00007ff8c6750000 - 0x00007ff8c675c000 	C:\Windows\SYSTEM32\CRYPTBASE.dll
0x00007ff8bdba0000 - 0x00007ff8bdbb6000 	C:\Windows\SYSTEM32\dhcpcsvc6.DLL
0x00007ff8bde50000 - 0x00007ff8bde6c000 	C:\Windows\SYSTEM32\dhcpcsvc.DLL

VM Arguments:
jvm_args: -Dfile.encoding=Cp1251 
java_command: hw.Application
java_class_path (initial): C:\Users\Я\Documents\6.Java-Advanced\lesson-16\home_work_less-16\home_work_less-16\bin\main;C:\Users\Я\.gradle\caches\modules-2\files-2.1\org.springframework.boot\spring-boot-starter-web\2.3.2.RELEASE\85f79121fdaabcbcac085d0d4aad34af9f8dbba2\spring-boot-starter-web-2.3.2.RELEASE.jar;C:\Users\Я\.gradle\caches\modules-2\files-2.1\org.springframework.boot\spring-boot-starter-json\2.3.2.RELEASE\42cc2348195b528f6b64861705ed475dbcc8f7c6\spring-boot-starter-json-2.3.2.RELEASE.jar;C:\Users\Я\.gradle\caches\modules-2\files-2.1\org.springframework.boot\spring-boot-starter\2.3.2.RELEASE\7e6ad3ceb842332ce8cdb209dd74bf90027bfd7a\spring-boot-starter-2.3.2.RELEASE.jar;C:\Users\Я\.gradle\caches\modules-2\files-2.1\org.springframework.boot\spring-boot-starter-tomcat\2.3.2.RELEASE\d3c560bfa7835bcaa334b07bcb5410e4347df4a1\spring-boot-starter-tomcat-2.3.2.RELEASE.jar;C:\Users\Я\.gradle\caches\modules-2\files-2.1\org.springframework\spring-webmvc\5.2.8.RELEASE\9cccf8354a7e031e217681db33f14339200dffcf\spring-webmvc-5.2.8.RELEASE.jar;C:\Users\Я\.gradle\caches\modules-2\files-2.1\org.springframework\spring-web\5.2.8.RELEASE\4f9542d61fff7beb6050e8028dfb6b7c6844c99a\spring-web-5.2.8.RELEASE.jar;C:\Users\Я\.gradle\caches\modules-2\files-2.1\org.springframework.boot\spring-boot-autoconfigure\2.3.2.RELEASE\3156078e4e6a59ccaa7974337e3b4ae6d51039b6\spring-boot-autoconfigure-2.3.2.RELEASE.jar;C:\Users\Я\.gradle\caches\modules-2\files-2.1\org.springframework.boot\spring-boot\2.3.2.RELEASE\efd5812bc736735e71447a51701becd14c2bede0\spring-boot-2.3.2.RELEASE.jar;C:\Users\Я\.gradle\caches\modules-2\files-2.1\org.springframework.boot\spring-boot-starter-logging\2.3.2.RELEASE\19ee58b3a692335be2fd698603491015d635253f\spring-boot-starter-logging-2.3.2.RELEASE.jar;C:\Users\Я\.gradle\caches\modules-2\files-2.1\jakarta.annotation\jakarta.annotation-api\1.3.5\59eb84ee0d616332ff44aba065f3888cf002cd2d\jakarta.annotation-api-1.3.5.jar;C:\Users\Я\.gradle\caches\modules-2\files-2.1\org.s
Launcher Type: SUN_STANDARD

Environment Variables:
JAVA_HOME=C:\Program Files\Java\jdk1.8.0_231
PATH=C:/Program Files/Java/jre1.8.0_231/bin/server;C:/Program Files/Java/jre1.8.0_231/bin;C:/Program Files/Java/jre1.8.0_231/lib/amd64;C:\Program Files (x86)\Common Files\Oracle\Java\javapath;C:\Windows\system32;C:\Windows;C:\Windows\System32\Wbem;C:\Windows\System32\WindowsPowerShell\v1.0\;C:\Windows\System32\OpenSSH\;C:\Program Files (x86)\Brackets\command;C:\Program Files\Java\jdk1.8.0_231\bin;C:\Program Files\Git\cmd;C:\Program Files\nodejs\;C:\Program Files\MySQL\MySQL Shell 8.0\bin\;C:\Users\Я\AppData\Local\Microsoft\WindowsApps;C:\Users\Я\AppData\Roaming\npm;C:\Users\Я\Desktop;
USERNAME=Я
OS=Windows_NT
PROCESSOR_IDENTIFIER=Intel64 Family 6 Model 60 Stepping 3, GenuineIntel



---------------  S Y S T E M  ---------------

OS: Windows 10.0 , 64 bit Build 17763 (10.0.17763.1158)

CPU:total 4 (initial active 4) (2 cores per cpu, 2 threads per core) family 6 model 60 stepping 3, cmov, cx8, fxsr, mmx, sse, sse2, sse3, ssse3, sse4.1, sse4.2, popcnt, avx, avx2, clmul, erms, lzcnt, ht, tsc, tscinvbit, bmi1, bmi2

Memory: 4k page, physical 4084552k(360084k free), swap 7181128k(5792k free)

vm_info: Java HotSpot(TM) 64-Bit Server VM (25.231-b11) for windows-amd64 JRE (1.8.0_231-b11), built on Oct  5 2019 03:11:30 by "java_re" with MS VC++ 10.0 (VS2010)

time: Tue Aug 11 11:01:23 2020
timezone: Финляндия (лето)
elapsed time: 3 seconds (0d 0h 0m 3s)

